Analysis & Synthesis report for PyFlexibleDemultiplexer
Sun May 30 15:12:26 2021
Quartus Prime Version 20.1.1 Build 720 11/11/2020 SJ Lite Edition


---------------------
; Table of Contents ;
---------------------
  1. Legal Notice
  2. Analysis & Synthesis Summary
  3. Analysis & Synthesis Settings
  4. Parallel Compilation
  5. Analysis & Synthesis Source Files Read
  6. Analysis & Synthesis Messages



----------------
; Legal Notice ;
----------------
Copyright (C) 2020  Intel Corporation. All rights reserved.
Your use of Intel Corporation's design tools, logic functions 
and other software and tools, and any partner logic 
functions, and any output files from any of the foregoing 
(including device programming or simulation files), and any 
associated documentation or information are expressly subject 
to the terms and conditions of the Intel Program License 
Subscription Agreement, the Intel Quartus Prime License Agreement,
the Intel FPGA IP License Agreement, or other applicable license
agreement, including, without limitation, that your use is for
the sole purpose of programming logic devices manufactured by
Intel and sold by Intel or its authorized distributors.  Please
refer to the applicable agreement for further details, at
https://fpgasoftware.intel.com/eula.



+---------------------------------------------------------------------------+
; Analysis & Synthesis Summary                                              ;
+-----------------------------+---------------------------------------------+
; Analysis & Synthesis Status ; Failed - Sun May 30 15:12:26 2021           ;
; Quartus Prime Version       ; 20.1.1 Build 720 11/11/2020 SJ Lite Edition ;
; Revision Name               ; PyFlexibleDemultiplexer                     ;
; Top-level Entity Name       ; PyFlexibleDemultiplexer                     ;
; Family                      ; MAX II                                      ;
+-----------------------------+---------------------------------------------+


+----------------------------------------------------------------------------------------------------------------------+
; Analysis & Synthesis Settings                                                                                        ;
+------------------------------------------------------------------+-------------------------+-------------------------+
; Option                                                           ; Setting                 ; Default Value           ;
+------------------------------------------------------------------+-------------------------+-------------------------+
; Device                                                           ; EPM240T100C5            ;                         ;
; Top-level entity name                                            ; PyFlexibleDemultiplexer ; PyFlexibleDemultiplexer ;
; Family name                                                      ; MAX II                  ; Cyclone V               ;
; Use smart compilation                                            ; Off                     ; Off                     ;
; Enable parallel Assembler and Timing Analyzer during compilation ; On                      ; On                      ;
; Enable compact report table                                      ; Off                     ; Off                     ;
; Restructure Multiplexers                                         ; Auto                    ; Auto                    ;
; Create Debugging Nodes for IP Cores                              ; Off                     ; Off                     ;
; Preserve fewer node names                                        ; On                      ; On                      ;
; Intel FPGA IP Evaluation Mode                                    ; Enable                  ; Enable                  ;
; Verilog Version                                                  ; Verilog_2001            ; Verilog_2001            ;
; VHDL Version                                                     ; VHDL_1993               ; VHDL_1993               ;
; State Machine Processing                                         ; Auto                    ; Auto                    ;
; Safe State Machine                                               ; Off                     ; Off                     ;
; Extract Verilog State Machines                                   ; On                      ; On                      ;
; Extract VHDL State Machines                                      ; On                      ; On                      ;
; Ignore Verilog initial constructs                                ; Off                     ; Off                     ;
; Iteration limit for constant Verilog loops                       ; 5000                    ; 5000                    ;
; Iteration limit for non-constant Verilog loops                   ; 250                     ; 250                     ;
; Add Pass-Through Logic to Inferred RAMs                          ; On                      ; On                      ;
; Infer RAMs from Raw Logic                                        ; On                      ; On                      ;
; Parallel Synthesis                                               ; On                      ; On                      ;
; NOT Gate Push-Back                                               ; On                      ; On                      ;
; Power-Up Don't Care                                              ; On                      ; On                      ;
; Remove Redundant Logic Cells                                     ; Off                     ; Off                     ;
; Remove Duplicate Registers                                       ; On                      ; On                      ;
; Ignore CARRY Buffers                                             ; Off                     ; Off                     ;
; Ignore CASCADE Buffers                                           ; Off                     ; Off                     ;
; Ignore GLOBAL Buffers                                            ; Off                     ; Off                     ;
; Ignore ROW GLOBAL Buffers                                        ; Off                     ; Off                     ;
; Ignore LCELL Buffers                                             ; Off                     ; Off                     ;
; Ignore SOFT Buffers                                              ; On                      ; On                      ;
; Limit AHDL Integers to 32 Bits                                   ; Off                     ; Off                     ;
; Optimization Technique                                           ; Balanced                ; Balanced                ;
; Carry Chain Length                                               ; 70                      ; 70                      ;
; Auto Carry Chains                                                ; On                      ; On                      ;
; Auto Open-Drain Pins                                             ; On                      ; On                      ;
; Perform WYSIWYG Primitive Resynthesis                            ; Off                     ; Off                     ;
; Auto Shift Register Replacement                                  ; Auto                    ; Auto                    ;
; Allow Shift Register Merging across Hierarchies                  ; Auto                    ; Auto                    ;
; Auto Clock Enable Replacement                                    ; On                      ; On                      ;
; Allow Synchronous Control Signals                                ; On                      ; On                      ;
; Force Use of Synchronous Clear Signals                           ; Off                     ; Off                     ;
; Auto Resource Sharing                                            ; Off                     ; Off                     ;
; Use LogicLock Constraints during Resource Balancing              ; On                      ; On                      ;
; Ignore translate_off and synthesis_off directives                ; Off                     ; Off                     ;
; Report Parameter Settings                                        ; On                      ; On                      ;
; Report Source Assignments                                        ; On                      ; On                      ;
; Report Connectivity Checks                                       ; On                      ; On                      ;
; Ignore Maximum Fan-Out Assignments                               ; Off                     ; Off                     ;
; Synchronization Register Chain Length                            ; 2                       ; 2                       ;
; Power Optimization During Synthesis                              ; Normal compilation      ; Normal compilation      ;
; HDL message level                                                ; Level2                  ; Level2                  ;
; Suppress Register Optimization Related Messages                  ; Off                     ; Off                     ;
; Number of Removed Registers Reported in Synthesis Report         ; 5000                    ; 5000                    ;
; Number of Swept Nodes Reported in Synthesis Report               ; 5000                    ; 5000                    ;
; Number of Inverted Registers Reported in Synthesis Report        ; 100                     ; 100                     ;
; Clock MUX Protection                                             ; On                      ; On                      ;
; Block Design Naming                                              ; Auto                    ; Auto                    ;
; Synthesis Effort                                                 ; Auto                    ; Auto                    ;
; Shift Register Replacement - Allow Asynchronous Clear Signal     ; On                      ; On                      ;
; Analysis & Synthesis Message Level                               ; Medium                  ; Medium                  ;
; Disable Register Merging Across Hierarchies                      ; Auto                    ; Auto                    ;
+------------------------------------------------------------------+-------------------------+-------------------------+


+------------------------------------------+
; Parallel Compilation                     ;
+----------------------------+-------------+
; Processors                 ; Number      ;
+----------------------------+-------------+
; Number detected on machine ; 4           ;
; Maximum allowed            ; 2           ;
;                            ;             ;
; Average used               ; 1.00        ;
; Maximum used               ; 1           ;
;                            ;             ;
; Usage by Processor         ; % Time Used ;
;     Processor 1            ; 100.0%      ;
+----------------------------+-------------+


+---------------------------------------------------------------------------------------------------------------------------------------------------------------------------------------------+
; Analysis & Synthesis Source Files Read                                                                                                                                                      ;
+----------------------------------+-----------------+------------------------------------------+-----------------------------------------------------------------------------------+---------+
; File Name with User-Entered Path ; Used in Netlist ; File Type                                ; File Name with Absolute Path                                                      ; Library ;
+----------------------------------+-----------------+------------------------------------------+-----------------------------------------------------------------------------------+---------+
; pck_myhdl_011.vhd                ; yes             ; User VHDL File                           ; D:/Projects/altera quartus/PyHDLFlexibleDemultiplexer/pck_myhdl_011.vhd           ;         ;
; flexibleDemux.vhd                ; yes             ; User VHDL File                           ; D:/Projects/altera quartus/PyHDLFlexibleDemultiplexer/flexibleDemux.vhd           ;         ;
; pyflexibledemultiplexer.bdf      ; yes             ; Auto-Found Block Diagram/Schematic File  ; D:/Projects/altera quartus/PyHDLFlexibleDemultiplexer/pyflexibledemultiplexer.bdf ;         ;
+----------------------------------+-----------------+------------------------------------------+-----------------------------------------------------------------------------------+---------+


+-------------------------------+
; Analysis & Synthesis Messages ;
+-------------------------------+
Info: *******************************************************************
Info: Running Quartus Prime Analysis & Synthesis
    Info: Version 20.1.1 Build 720 11/11/2020 SJ Lite Edition
    Info: Processing started: Sun May 30 15:11:38 2021
Info: Command: quartus_map --read_settings_files=on --write_settings_files=off PyFlexibleDemultiplexer -c PyFlexibleDemultiplexer
Warning (18236): Number of processors has not been specified which may cause overloading on shared machines.  Set the global assignment NUM_PARALLEL_PROCESSORS in your QSF to an appropriate value for best performance.
Info (20030): Parallel compilation is enabled and will use 2 of the 2 processors detected
Info (12021): Found 2 design units, including 0 entities, in source file pck_myhdl_011.vhd
    Info (12022): Found design unit 1: pck_myhdl_011 File: D:/Projects/altera quartus/PyHDLFlexibleDemultiplexer/pck_myhdl_011.vhd Line: 10
    Info (12022): Found design unit 2: pck_myhdl_011-body File: D:/Projects/altera quartus/PyHDLFlexibleDemultiplexer/pck_myhdl_011.vhd Line: 49
Info (12021): Found 2 design units, including 1 entities, in source file flexibledemux.vhd
    Info (12022): Found design unit 1: flexibleDemux-MyHDL File: D:/Projects/altera quartus/PyHDLFlexibleDemultiplexer/flexibleDemux.vhd Line: 22
    Info (12023): Found entity 1: flexibleDemux File: D:/Projects/altera quartus/PyHDLFlexibleDemultiplexer/flexibleDemux.vhd Line: 13
Warning (12125): Using design file pyflexibledemultiplexer.bdf, which is not specified as a design file for the current project, but contains definitions for 1 design units and 1 entities in project
    Info (12023): Found entity 1: PyFlexibleDemultiplexer
Info (12127): Elaborating entity "PyFlexibleDemultiplexer" for the top level hierarchy
Info (12128): Elaborating entity "flexibleDemux" for hierarchy "flexibleDemux:inst"
Warning (10036): Verilog HDL or VHDL warning at flexibleDemux.vhd(40): object "intPinSel" assigned a value but never read File: D:/Projects/altera quartus/PyHDLFlexibleDemultiplexer/flexibleDemux.vhd Line: 40
Warning (10036): Verilog HDL or VHDL warning at flexibleDemux.vhd(41): object "pinOutBufferVal" assigned a value but never read File: D:/Projects/altera quartus/PyHDLFlexibleDemultiplexer/flexibleDemux.vhd Line: 41
Error (12012): Port direction mismatch for entity "flexibleDemux:inst" at port "pins_out[0]".  Upper entity is expecting "Output" pin while lower entity is using "Input" pin.
Error (12012): Port direction mismatch for entity "flexibleDemux:inst" at port "pins_out[1]".  Upper entity is expecting "Output" pin while lower entity is using "Input" pin.
Error (12012): Port direction mismatch for entity "flexibleDemux:inst" at port "pins_out[2]".  Upper entity is expecting "Output" pin while lower entity is using "Input" pin.
Error (12012): Port direction mismatch for entity "flexibleDemux:inst" at port "pins_out[3]".  Upper entity is expecting "Output" pin while lower entity is using "Input" pin.
Error (12012): Port direction mismatch for entity "flexibleDemux:inst" at port "pins_out[4]".  Upper entity is expecting "Output" pin while lower entity is using "Input" pin.
Error (12012): Port direction mismatch for entity "flexibleDemux:inst" at port "pins_out[5]".  Upper entity is expecting "Output" pin while lower entity is using "Input" pin.
Error (12012): Port direction mismatch for entity "flexibleDemux:inst" at port "pins_out[6]".  Upper entity is expecting "Output" pin while lower entity is using "Input" pin.
Error (12012): Port direction mismatch for entity "flexibleDemux:inst" at port "pins_out[7]".  Upper entity is expecting "Output" pin while lower entity is using "Input" pin.
Error: Quartus Prime Analysis & Synthesis was unsuccessful. 8 errors, 4 warnings
    Error: Peak virtual memory: 4763 megabytes
    Error: Processing ended: Sun May 30 15:12:26 2021
    Error: Elapsed time: 00:00:48
    Error: Total CPU time (on all processors): 00:01:06


